2024-02-23 22:12:18 INFO Browser listening on: ws://127.0.0.1:59108/devtools/browser/4df67568-3ab9-4f28-8cbf-b7c3b65464d0
2024-02-23 22:12:19 INFO Browser as being setup for a scrape. ENDPOINT-> GET-ALL-PRODUCTS
2024-02-23 22:12:19 INFO ----------> Starting to scrape ...
2024-02-23 22:12:19 INFO ----------> Waiting for the website to load
2024-02-23 22:13:01 INFO ----------> Website loaded successfully!!
2024-02-23 22:13:01 INFO ----------> Checking if the website returned no products found error
2024-02-23 22:13:01 INFO ----------> Didn't find any errors
2024-02-23 22:13:01 INFO ----------> Saving all products found ...
2024-02-23 22:13:01 INFO ----------> Parsing all products before returning ...
2024-02-23 22:13:01 INFO ----------> Parsing all products before returning ...
2024-02-23 22:13:01 INFO ----------> Parsing all products before returning ...
2024-02-23 22:13:01 INFO ----------> Parsing all products before returning ...
2024-02-23 22:13:01 INFO ----------> Parsing all products before returning ...
2024-02-23 22:13:01 INFO ----------> Parsing all products before returning ...
2024-02-23 22:13:01 INFO ----------> Parsing all products before returning ...
2024-02-23 22:13:01 INFO ----------> Parsing all products before returning ...
2024-02-23 22:13:01 INFO ----------> Parsing all products before returning ...
2024-02-23 22:13:01 INFO ----------> Parsing all products before returning ...
2024-02-23 22:13:01 INFO ----------> Parsing all products before returning ...
2024-02-23 22:13:01 INFO ----------> Parsing all products before returning ...
2024-02-23 22:13:01 INFO ----------> Parsing all products before returning ...
2024-02-23 22:13:01 INFO ----------> Parsing all products before returning ...
2024-02-23 22:13:01 INFO ----------> Parsing all products before returning ...
2024-02-23 22:13:02 INFO ----------> Parsing all products before returning ...
2024-02-23 22:13:02 INFO ----------> Parsing all products before returning ...
2024-02-23 22:13:02 INFO ----------> Parsing all products before returning ...
2024-02-23 22:13:02 INFO ----------> Parsing all products before returning ...
2024-02-23 22:13:02 INFO ----------> Parsing all products before returning ...
2024-02-23 22:13:02 INFO ----------> Parsing all products before returning ...
2024-02-23 22:13:02 INFO ----------> Parsing all products before returning ...
2024-02-23 22:13:02 INFO ----------> Parsing all products before returning ...
2024-02-23 22:13:02 INFO ----------> Parsing all products before returning ...
2024-02-23 22:13:02 INFO ----------> Parsing all products before returning ...
2024-02-23 22:13:02 INFO ----------> Parsing all products before returning ...
2024-02-23 22:13:02 INFO ----------> Parsing all products before returning ...
2024-02-23 22:13:02 INFO ----------> Parsing all products before returning ...
2024-02-23 22:13:02 INFO ----------> Parsing all products before returning ...
2024-02-23 22:13:02 INFO ----------> Parsing all products before returning ...
2024-02-23 22:13:02 INFO ----------> Parsing all products before returning ...
2024-02-23 22:13:02 INFO ----------> Parsing all products before returning ...
2024-02-23 22:13:02 INFO ----------> Parsing all products before returning ...
2024-02-23 22:13:02 INFO ----------> Parsing all products before returning ...
2024-02-23 22:13:02 INFO ----------> Parsing all products before returning ...
2024-02-23 22:13:02 INFO ----------> Parsing all products before returning ...
2024-02-23 22:13:02 INFO ----------> Parsing all products before returning ...
2024-02-23 22:13:02 INFO ----------> Parsing all products before returning ...
2024-02-23 22:13:02 INFO ----------> Parsing all products before returning ...
2024-02-23 22:13:02 INFO ----------> Parsing all products before returning ...
2024-02-23 22:13:02 INFO ----------> Parsing all products before returning ...
2024-02-23 22:13:02 INFO ----------> Parsing all products before returning ...
2024-02-23 22:13:02 INFO ----------> Parsing all products before returning ...
2024-02-23 22:13:02 INFO ----------> Parsing all products before returning ...
2024-02-23 22:13:02 INFO ----------> Parsing all products before returning ...
2024-02-23 22:13:02 INFO ----------> Parsing all products before returning ...
2024-02-23 22:13:02 INFO ----------> Parsing all products before returning ...
2024-02-23 22:13:02 INFO ----------> Parsing all products before returning ...
2024-02-23 22:13:02 INFO ----------> Parsing all products before returning ...
2024-02-23 22:13:02 INFO ----------> Parsing all products before returning ...
2024-02-23 22:13:03 INFO ----------> Parsing all products before returning ...
2024-02-23 22:13:03 INFO ----------> Parsing all products before returning ...
2024-02-23 22:13:03 INFO ----------> Parsing all products before returning ...
2024-02-23 22:13:03 INFO ----------> Parsing all products before returning ...
2024-02-23 22:13:03 INFO ----------> Parsing all products before returning ...
2024-02-23 22:13:03 INFO ----------> Parsing all products before returning ...
2024-02-23 22:13:03 INFO ----------> Parsing all products before returning ...
2024-02-23 22:13:03 INFO ----------> Parsing all products before returning ...
2024-02-23 22:13:03 INFO ----------> Parsing all products before returning ...
2024-02-23 22:13:03 INFO ----------> Parsing all products before returning ...
2024-02-23 22:13:03 INFO ----------> Parsing all products before returning ...
2024-02-23 22:13:03 INFO ----------> Parsing all products before returning ...
2024-02-23 22:13:03 INFO ----------> Parsing all products before returning ...
2024-02-23 22:13:03 INFO ----------> Parsing all products before returning ...
2024-02-23 22:13:03 INFO ----------> Parsing all products before returning ...
2024-02-23 22:13:03 INFO ----------> Parsing all products before returning ...
2024-02-23 22:13:03 INFO ----------> Parsing all products before returning ...
2024-02-23 22:13:03 INFO ----------> Parsing all products before returning ...
2024-02-23 22:13:03 INFO ----------> Parsing all products before returning ...
2024-02-23 22:13:03 INFO ----------> Parsing all products before returning ...
2024-02-23 22:13:03 INFO ----------> Parsing all products before returning ...
2024-02-23 22:13:03 INFO ----------> Parsing all products before returning ...
2024-02-23 22:13:03 INFO ----------> Parsing all products before returning ...
2024-02-23 22:13:03 INFO ----------> Parsing all products before returning ...
2024-02-23 22:13:03 INFO ----------> Parsing all products before returning ...
2024-02-23 22:13:03 INFO ----------> Parsing all products before returning ...
2024-02-23 22:13:03 INFO ----------> Parsing all products before returning ...
2024-02-23 22:13:03 INFO ----------> Parsing all products before returning ...
2024-02-23 22:13:03 INFO ----------> Parsing all products before returning ...
2024-02-23 22:13:03 INFO ----------> Parsing all products before returning ...
2024-02-23 22:13:03 INFO ----------> Parsing all products before returning ...
2024-02-23 22:13:03 INFO ----------> Parsing all products before returning ...
2024-02-23 22:13:03 INFO ----------> Parsing all products before returning ...
2024-02-23 22:13:03 INFO ----------> Parsing all products before returning ...
2024-02-23 22:13:03 INFO ----------> Parsing all products before returning ...
2024-02-23 22:13:03 INFO ----------> Parsing all products before returning ...
2024-02-23 22:13:04 INFO ----------> Parsing all products before returning ...
2024-02-23 22:13:04 INFO ----------> Parsing all products before returning ...
2024-02-23 22:13:04 INFO ----------> Parsing all products before returning ...
2024-02-23 22:13:04 INFO ----------> Parsing all products before returning ...
2024-02-23 22:13:04 INFO ----------> Parsing all products before returning ...
2024-02-23 22:13:04 INFO ----------> Parsing all products before returning ...
2024-02-23 22:13:04 INFO ----------> Parsing all products before returning ...
2024-02-23 22:13:04 INFO ----------> Parsing all products before returning ...
2024-02-23 22:13:04 INFO ----------> Parsing all products before returning ...
2024-02-23 22:13:04 INFO ----------> Parsing all products before returning ...
2024-02-23 22:13:04 INFO ----------> Parsing all products before returning ...
2024-02-23 22:13:04 INFO ----------> Parsing all products before returning ...
2024-02-23 22:13:04 INFO ----------> Parsing all products before returning ...
2024-02-23 22:13:04 INFO ----------> Parsing all products before returning ...
2024-02-23 22:13:04 INFO ----------> Operation was succesfull!
2024-02-23 22:13:04 INFO terminate chrome process...
2024-02-23 22:23:53 INFO Browser listening on: ws://127.0.0.1:61988/devtools/browser/81a9789e-a322-4196-8442-476472b52f97
2024-02-23 22:23:56 INFO Browser as being setup for a scrape. ENDPOINT-> GET-ALL-PRODUCTS
2024-02-23 22:23:56 INFO ----------> Starting to scrape ...
2024-02-23 22:23:56 INFO ----------> Waiting for the website to load
2024-02-23 22:24:54 INFO ----------> Website loaded successfully!!
2024-02-23 22:24:54 INFO ----------> Checking if the website returned no products found error
2024-02-23 22:24:54 INFO ----------> Didn't find any errors
2024-02-23 22:24:54 INFO ----------> Saving all products found ...
2024-02-23 22:24:54 INFO ----------> Parsing all products before returning ...
2024-02-23 22:24:54 INFO ----------> Parsing all products before returning ...
2024-02-23 22:24:54 INFO ----------> Parsing all products before returning ...
2024-02-23 22:24:54 INFO ----------> Parsing all products before returning ...
2024-02-23 22:24:54 INFO ----------> Parsing all products before returning ...
2024-02-23 22:24:54 INFO ----------> Parsing all products before returning ...
2024-02-23 22:24:54 INFO ----------> Parsing all products before returning ...
2024-02-23 22:24:54 INFO ----------> Parsing all products before returning ...
2024-02-23 22:24:54 INFO ----------> Parsing all products before returning ...
2024-02-23 22:24:54 INFO ----------> Parsing all products before returning ...
2024-02-23 22:24:55 INFO ----------> Parsing all products before returning ...
2024-02-23 22:24:55 INFO ----------> Parsing all products before returning ...
2024-02-23 22:24:55 INFO ----------> Parsing all products before returning ...
2024-02-23 22:24:55 INFO ----------> Parsing all products before returning ...
2024-02-23 22:24:55 INFO ----------> Parsing all products before returning ...
2024-02-23 22:24:55 INFO ----------> Parsing all products before returning ...
2024-02-23 22:24:55 INFO ----------> Parsing all products before returning ...
2024-02-23 22:24:55 INFO ----------> Parsing all products before returning ...
2024-02-23 22:24:55 INFO ----------> Parsing all products before returning ...
2024-02-23 22:24:55 INFO ----------> Parsing all products before returning ...
2024-02-23 22:24:55 INFO ----------> Parsing all products before returning ...
2024-02-23 22:24:55 INFO ----------> Parsing all products before returning ...
2024-02-23 22:24:55 INFO ----------> Parsing all products before returning ...
2024-02-23 22:24:55 INFO ----------> Parsing all products before returning ...
2024-02-23 22:24:55 INFO ----------> Parsing all products before returning ...
2024-02-23 22:24:55 INFO ----------> Parsing all products before returning ...
2024-02-23 22:24:55 INFO ----------> Parsing all products before returning ...
2024-02-23 22:24:55 INFO ----------> Parsing all products before returning ...
2024-02-23 22:24:55 INFO ----------> Parsing all products before returning ...
2024-02-23 22:24:55 INFO ----------> Parsing all products before returning ...
2024-02-23 22:24:55 INFO ----------> Parsing all products before returning ...
2024-02-23 22:24:55 INFO ----------> Parsing all products before returning ...
2024-02-23 22:24:55 INFO ----------> Parsing all products before returning ...
2024-02-23 22:24:55 INFO ----------> Parsing all products before returning ...
2024-02-23 22:24:56 INFO ----------> Parsing all products before returning ...
2024-02-23 22:24:56 INFO ----------> Parsing all products before returning ...
2024-02-23 22:24:56 INFO ----------> Parsing all products before returning ...
2024-02-23 22:24:56 INFO ----------> Parsing all products before returning ...
2024-02-23 22:24:56 INFO ----------> Parsing all products before returning ...
2024-02-23 22:24:56 INFO ----------> Parsing all products before returning ...
2024-02-23 22:24:56 INFO ----------> Parsing all products before returning ...
2024-02-23 22:24:56 INFO ----------> Parsing all products before returning ...
2024-02-23 22:24:56 INFO ----------> Parsing all products before returning ...
2024-02-23 22:24:56 INFO ----------> Parsing all products before returning ...
2024-02-23 22:24:56 INFO ----------> Parsing all products before returning ...
2024-02-23 22:24:56 INFO ----------> Parsing all products before returning ...
2024-02-23 22:24:56 INFO ----------> Parsing all products before returning ...
2024-02-23 22:24:56 INFO ----------> Parsing all products before returning ...
2024-02-23 22:24:56 INFO ----------> Parsing all products before returning ...
2024-02-23 22:24:56 INFO ----------> Parsing all products before returning ...
2024-02-23 22:24:56 INFO ----------> Parsing all products before returning ...
2024-02-23 22:24:56 INFO ----------> Parsing all products before returning ...
2024-02-23 22:24:56 INFO ----------> Parsing all products before returning ...
2024-02-23 22:24:56 INFO ----------> Parsing all products before returning ...
2024-02-23 22:24:56 INFO ----------> Parsing all products before returning ...
2024-02-23 22:24:56 INFO ----------> Parsing all products before returning ...
2024-02-23 22:24:56 INFO ----------> Parsing all products before returning ...
2024-02-23 22:24:56 INFO ----------> Parsing all products before returning ...
2024-02-23 22:24:56 INFO ----------> Parsing all products before returning ...
2024-02-23 22:24:56 INFO ----------> Parsing all products before returning ...
2024-02-23 22:24:56 INFO ----------> Parsing all products before returning ...
2024-02-23 22:24:56 INFO ----------> Parsing all products before returning ...
2024-02-23 22:24:56 INFO ----------> Parsing all products before returning ...
2024-02-23 22:24:56 INFO ----------> Parsing all products before returning ...
2024-02-23 22:24:57 INFO ----------> Parsing all products before returning ...
2024-02-23 22:24:57 INFO ----------> Parsing all products before returning ...
2024-02-23 22:24:57 INFO ----------> Parsing all products before returning ...
2024-02-23 22:24:57 INFO ----------> Parsing all products before returning ...
2024-02-23 22:24:57 INFO ----------> Parsing all products before returning ...
2024-02-23 22:24:57 INFO ----------> Parsing all products before returning ...
2024-02-23 22:24:57 INFO ----------> Parsing all products before returning ...
2024-02-23 22:24:57 INFO ----------> Parsing all products before returning ...
2024-02-23 22:24:57 INFO ----------> Parsing all products before returning ...
2024-02-23 22:24:57 INFO ----------> Parsing all products before returning ...
2024-02-23 22:24:57 INFO ----------> Parsing all products before returning ...
2024-02-23 22:24:57 INFO ----------> Parsing all products before returning ...
2024-02-23 22:24:57 INFO ----------> Parsing all products before returning ...
2024-02-23 22:24:57 INFO ----------> Parsing all products before returning ...
2024-02-23 22:24:57 INFO ----------> Parsing all products before returning ...
2024-02-23 22:24:57 INFO ----------> Parsing all products before returning ...
2024-02-23 22:24:57 INFO ----------> Parsing all products before returning ...
2024-02-23 22:24:57 INFO ----------> Parsing all products before returning ...
2024-02-23 22:24:57 INFO ----------> Parsing all products before returning ...
2024-02-23 22:24:57 INFO ----------> Parsing all products before returning ...
2024-02-23 22:24:57 INFO ----------> Parsing all products before returning ...
2024-02-23 22:24:57 INFO ----------> Parsing all products before returning ...
2024-02-23 22:24:57 INFO ----------> Parsing all products before returning ...
2024-02-23 22:24:57 INFO ----------> Parsing all products before returning ...
2024-02-23 22:24:57 INFO ----------> Parsing all products before returning ...
2024-02-23 22:24:57 INFO ----------> Parsing all products before returning ...
2024-02-23 22:24:57 INFO ----------> Parsing all products before returning ...
2024-02-23 22:24:57 INFO ----------> Parsing all products before returning ...
2024-02-23 22:24:57 INFO ----------> Parsing all products before returning ...
2024-02-23 22:24:57 INFO ----------> Parsing all products before returning ...
2024-02-23 22:24:57 INFO ----------> Parsing all products before returning ...
2024-02-23 22:24:57 INFO ----------> Parsing all products before returning ...
2024-02-23 22:24:58 INFO ----------> Parsing all products before returning ...
2024-02-23 22:24:58 INFO ----------> Parsing all products before returning ...
2024-02-23 22:24:58 INFO ----------> Parsing all products before returning ...
2024-02-23 22:24:58 INFO ----------> Parsing all products before returning ...
2024-02-23 22:24:58 INFO ----------> Operation was succesfull!
2024-02-23 22:24:58 INFO terminate chrome process...
2024-02-23 22:32:21 INFO Browser listening on: ws://127.0.0.1:64137/devtools/browser/fcd2b568-468c-4b63-8265-c368533c3b03
2024-02-23 22:32:22 INFO Browser as being setup for a scrape. ENDPOINT-> GET-ALL-PRODUCTS
2024-02-23 22:32:22 INFO ----------> Starting to scrape ...
2024-02-23 22:32:22 INFO ----------> Waiting for the website to load
2024-02-23 22:33:07 WARNING ----------> Website loaded successfully!!
2024-02-23 22:33:07 INFO ----------> Checking if the website returned no products found error
2024-02-23 22:33:07 WARNING ----------> Didn't find any errors
2024-02-23 22:33:07 INFO ----------> Saving all products found ...
2024-02-23 22:33:07 INFO ----------> Parsing all products before returning ...
2024-02-23 22:33:07 INFO ----------> Parsing all products before returning ...
2024-02-23 22:33:07 INFO ----------> Parsing all products before returning ...
2024-02-23 22:33:07 INFO ----------> Parsing all products before returning ...
2024-02-23 22:33:07 INFO ----------> Parsing all products before returning ...
2024-02-23 22:33:07 INFO ----------> Parsing all products before returning ...
2024-02-23 22:33:07 INFO ----------> Parsing all products before returning ...
2024-02-23 22:33:07 INFO ----------> Parsing all products before returning ...
2024-02-23 22:33:07 INFO ----------> Parsing all products before returning ...
2024-02-23 22:33:07 INFO ----------> Parsing all products before returning ...
2024-02-23 22:33:07 INFO ----------> Parsing all products before returning ...
2024-02-23 22:33:07 INFO ----------> Parsing all products before returning ...
2024-02-23 22:33:07 INFO ----------> Parsing all products before returning ...
2024-02-23 22:33:07 INFO ----------> Parsing all products before returning ...
2024-02-23 22:33:07 INFO ----------> Parsing all products before returning ...
2024-02-23 22:33:07 INFO ----------> Parsing all products before returning ...
2024-02-23 22:33:07 INFO ----------> Parsing all products before returning ...
2024-02-23 22:33:07 INFO ----------> Parsing all products before returning ...
2024-02-23 22:33:07 INFO ----------> Parsing all products before returning ...
2024-02-23 22:33:07 INFO ----------> Parsing all products before returning ...
2024-02-23 22:33:07 INFO ----------> Parsing all products before returning ...
2024-02-23 22:33:07 INFO ----------> Parsing all products before returning ...
2024-02-23 22:33:08 INFO ----------> Parsing all products before returning ...
2024-02-23 22:33:08 INFO ----------> Parsing all products before returning ...
2024-02-23 22:33:08 INFO ----------> Parsing all products before returning ...
2024-02-23 22:33:08 INFO ----------> Parsing all products before returning ...
2024-02-23 22:33:08 INFO ----------> Parsing all products before returning ...
2024-02-23 22:33:08 INFO ----------> Parsing all products before returning ...
2024-02-23 22:33:08 INFO ----------> Parsing all products before returning ...
2024-02-23 22:33:08 INFO ----------> Parsing all products before returning ...
2024-02-23 22:33:08 INFO ----------> Parsing all products before returning ...
2024-02-23 22:33:08 INFO ----------> Parsing all products before returning ...
2024-02-23 22:33:08 INFO ----------> Parsing all products before returning ...
2024-02-23 22:33:08 INFO ----------> Parsing all products before returning ...
2024-02-23 22:33:08 INFO ----------> Parsing all products before returning ...
2024-02-23 22:33:08 INFO ----------> Parsing all products before returning ...
2024-02-23 22:33:08 INFO ----------> Parsing all products before returning ...
2024-02-23 22:33:08 INFO ----------> Parsing all products before returning ...
2024-02-23 22:33:08 INFO ----------> Parsing all products before returning ...
2024-02-23 22:33:08 INFO ----------> Parsing all products before returning ...
2024-02-23 22:33:08 INFO ----------> Parsing all products before returning ...
2024-02-23 22:33:08 INFO ----------> Parsing all products before returning ...
2024-02-23 22:33:08 INFO ----------> Parsing all products before returning ...
2024-02-23 22:33:08 INFO ----------> Parsing all products before returning ...
2024-02-23 22:33:08 INFO ----------> Parsing all products before returning ...
2024-02-23 22:33:08 INFO ----------> Parsing all products before returning ...
2024-02-23 22:33:08 INFO ----------> Parsing all products before returning ...
2024-02-23 22:33:08 INFO ----------> Parsing all products before returning ...
2024-02-23 22:33:08 INFO ----------> Parsing all products before returning ...
2024-02-23 22:33:08 INFO ----------> Parsing all products before returning ...
2024-02-23 22:33:08 INFO ----------> Parsing all products before returning ...
2024-02-23 22:33:08 INFO ----------> Parsing all products before returning ...
2024-02-23 22:33:08 INFO ----------> Parsing all products before returning ...
2024-02-23 22:33:08 INFO ----------> Parsing all products before returning ...
2024-02-23 22:33:08 INFO ----------> Parsing all products before returning ...
2024-02-23 22:33:08 INFO ----------> Parsing all products before returning ...
2024-02-23 22:33:08 INFO ----------> Parsing all products before returning ...
2024-02-23 22:33:08 INFO ----------> Parsing all products before returning ...
2024-02-23 22:33:08 INFO ----------> Parsing all products before returning ...
2024-02-23 22:33:08 INFO ----------> Parsing all products before returning ...
2024-02-23 22:33:08 INFO ----------> Parsing all products before returning ...
2024-02-23 22:33:08 INFO ----------> Parsing all products before returning ...
2024-02-23 22:33:08 INFO ----------> Parsing all products before returning ...
2024-02-23 22:33:09 INFO ----------> Parsing all products before returning ...
2024-02-23 22:33:09 INFO ----------> Parsing all products before returning ...
2024-02-23 22:33:09 INFO ----------> Parsing all products before returning ...
2024-02-23 22:33:09 INFO ----------> Parsing all products before returning ...
2024-02-23 22:33:09 INFO ----------> Parsing all products before returning ...
2024-02-23 22:33:09 INFO ----------> Parsing all products before returning ...
2024-02-23 22:33:09 INFO ----------> Parsing all products before returning ...
2024-02-23 22:33:09 INFO ----------> Parsing all products before returning ...
2024-02-23 22:33:09 INFO ----------> Parsing all products before returning ...
2024-02-23 22:33:09 INFO ----------> Parsing all products before returning ...
2024-02-23 22:33:09 INFO ----------> Parsing all products before returning ...
2024-02-23 22:33:09 INFO ----------> Parsing all products before returning ...
2024-02-23 22:33:09 INFO ----------> Parsing all products before returning ...
2024-02-23 22:33:09 INFO ----------> Parsing all products before returning ...
2024-02-23 22:33:09 INFO ----------> Parsing all products before returning ...
2024-02-23 22:33:09 INFO ----------> Parsing all products before returning ...
2024-02-23 22:33:09 INFO ----------> Parsing all products before returning ...
2024-02-23 22:33:09 INFO ----------> Parsing all products before returning ...
2024-02-23 22:33:09 INFO ----------> Parsing all products before returning ...
2024-02-23 22:33:09 INFO ----------> Parsing all products before returning ...
2024-02-23 22:33:09 INFO ----------> Parsing all products before returning ...
2024-02-23 22:33:09 INFO ----------> Parsing all products before returning ...
2024-02-23 22:33:09 INFO ----------> Parsing all products before returning ...
2024-02-23 22:33:09 INFO ----------> Parsing all products before returning ...
2024-02-23 22:33:09 INFO ----------> Parsing all products before returning ...
2024-02-23 22:33:09 INFO ----------> Parsing all products before returning ...
2024-02-23 22:33:09 INFO ----------> Parsing all products before returning ...
2024-02-23 22:33:09 INFO ----------> Parsing all products before returning ...
2024-02-23 22:33:09 INFO ----------> Parsing all products before returning ...
2024-02-23 22:33:09 INFO ----------> Parsing all products before returning ...
2024-02-23 22:33:09 INFO ----------> Parsing all products before returning ...
2024-02-23 22:33:09 INFO ----------> Parsing all products before returning ...
2024-02-23 22:33:09 INFO ----------> Parsing all products before returning ...
2024-02-23 22:33:09 INFO ----------> Parsing all products before returning ...
2024-02-23 22:33:09 INFO ----------> Parsing all products before returning ...
2024-02-23 22:33:09 INFO ----------> Parsing all products before returning ...
2024-02-23 22:33:09 INFO ----------> Parsing all products before returning ...
2024-02-23 22:33:09 INFO ----------> Operation was succesfull!
2024-02-23 22:33:09 INFO terminate chrome process...
2024-02-23 22:33:20 INFO Browser listening on: ws://127.0.0.1:64467/devtools/browser/46850e50-7f6f-47f7-9554-1c784570fa9c
2024-02-23 22:33:21 INFO Browser as being setup for a scrape. ENDPOINT-> GET-PRODUCT-DETAILS
2024-02-23 22:33:21 INFO ----------> Starting to scrape ...
2024-02-23 22:33:21 INFO ----------> Waiting for the website to load
2024-02-23 22:33:59 INFO ----------> Website is fully loaded
2024-02-23 22:33:59 INFO ----------> Checking if the website returned no products found error
2024-02-23 22:33:59 WARNING ----------> Didn't find any errors
2024-02-23 22:33:59 INFO ----------> Getting product quantitity and ingridients ...
2024-02-23 22:33:59 INFO ----------> Getting the product serving size ...
2024-02-23 22:33:59 INFO ----------> Serving size stored
2024-02-23 22:33:59 INFO ----------> Getting the product nutrition details ...
2024-02-23 22:33:59 INFO ----------> Product nutrition details stored
2024-02-23 22:33:59 INFO terminate chrome process...
2024-02-23 22:35:48 INFO Browser listening on: ws://127.0.0.1:65070/devtools/browser/26aa633d-db3d-4762-b76f-d3a3226ddb6c
2024-02-23 22:35:48 INFO Browser as being setup for a scrape. ENDPOINT-> GET-PRODUCT-DETAILS
2024-02-23 22:35:48 INFO ----------> Starting to scrape ...
2024-02-23 22:35:48 INFO ----------> Waiting for the website to load
2024-02-23 22:36:26 INFO ----------> Website is fully loaded
2024-02-23 22:36:26 INFO ----------> Checking if the website returned no products found error
2024-02-23 22:36:26 WARNING ----------> Didn't find any errors
2024-02-23 22:36:26 INFO ----------> Getting product quantitity and ingridients ...
2024-02-23 22:36:26 INFO ----------> Getting the product serving size ...
2024-02-23 22:36:26 INFO ----------> Serving size stored
2024-02-23 22:36:26 INFO ----------> Getting the product nutrition details ...
2024-02-23 22:36:27 INFO ----------> Product nutrition details stored
2024-02-23 22:36:27 INFO terminate chrome process...
2024-02-23 23:40:22 INFO Browser listening on: ws://127.0.0.1:64259/devtools/browser/715f5d73-b8ee-40e3-93de-572613ad1dc7
2024-02-23 23:40:26 INFO Browser as being setup for a scrape. ENDPOINT-> GET-PRODUCT-DETAILS
2024-02-23 23:40:26 INFO ----------> Starting to scrape ...
2024-02-23 23:40:27 INFO ----------> Waiting for the website to load
2024-02-23 23:40:36 INFO ----------> Website is fully loaded
2024-02-23 23:40:36 INFO ----------> Checking if the website returned no products found error
2024-02-23 23:40:36 WARNING ----------> Didn't find any errors
2024-02-23 23:40:36 INFO ----------> Getting product quantitity and ingridients ...
2024-02-23 23:40:36 INFO ----------> Getting the product serving size ...
2024-02-23 23:40:36 INFO ----------> Serving size stored
2024-02-23 23:40:36 INFO ----------> Getting the product nutrition details ...
2024-02-23 23:40:36 INFO ----------> Product nutrition details stored
2024-02-23 23:40:36 INFO terminate chrome process...
2024-02-23 23:40:54 INFO Browser listening on: ws://127.0.0.1:64472/devtools/browser/13e35c7b-0df6-4121-9b09-27b36ea393a2
2024-02-23 23:40:55 INFO Browser as being setup for a scrape. ENDPOINT-> GET-ALL-PRODUCTS
2024-02-23 23:40:55 INFO ----------> Starting to scrape ...
2024-02-23 23:40:55 INFO ----------> Waiting for the website to load
2024-02-23 23:41:06 INFO ----------> Website loaded successfully!!
2024-02-23 23:41:06 INFO ----------> Checking if the website returned no products found error
2024-02-23 23:41:06 WARNING ----------> Didn't find any errors
2024-02-23 23:41:06 INFO ----------> Saving all products found ...
2024-02-23 23:44:30 INFO Browser listening on: ws://127.0.0.1:65373/devtools/browser/ffe219d7-c7ad-49e6-92e1-bceb632b6f3a
2024-02-23 23:44:42 INFO Browser as being setup for a scrape. ENDPOINT-> GET-ALL-PRODUCTS
2024-02-23 23:44:42 INFO ----------> Starting to scrape ...
2024-02-23 23:44:42 INFO ----------> Waiting for the website to load
2024-02-23 23:44:50 INFO ----------> Website loaded successfully!!
2024-02-23 23:44:50 INFO ----------> Checking if the website returned no products found error
2024-02-23 23:44:50 WARNING ----------> Didn't find any errors
2024-02-23 23:44:50 INFO ----------> Saving all products found ...
2024-02-23 23:44:50 INFO ----------> Parsing all products before returning ...
2024-02-23 23:44:50 INFO ----------> Parsing all products before returning ...
2024-02-23 23:44:50 INFO ----------> Parsing all products before returning ...
2024-02-23 23:44:50 INFO ----------> Parsing all products before returning ...
2024-02-23 23:44:50 INFO ----------> Parsing all products before returning ...
2024-02-23 23:44:50 INFO ----------> Parsing all products before returning ...
2024-02-23 23:44:50 INFO ----------> Parsing all products before returning ...
2024-02-23 23:44:50 INFO ----------> Parsing all products before returning ...
2024-02-23 23:44:50 INFO ----------> Parsing all products before returning ...
2024-02-23 23:44:50 INFO ----------> Parsing all products before returning ...
2024-02-23 23:44:50 INFO ----------> Parsing all products before returning ...
2024-02-23 23:44:50 INFO ----------> Parsing all products before returning ...
2024-02-23 23:44:50 INFO ----------> Parsing all products before returning ...
2024-02-23 23:44:50 INFO ----------> Parsing all products before returning ...
2024-02-23 23:44:50 INFO ----------> Parsing all products before returning ...
2024-02-23 23:44:50 INFO ----------> Parsing all products before returning ...
2024-02-23 23:44:50 INFO ----------> Parsing all products before returning ...
2024-02-23 23:44:50 INFO ----------> Parsing all products before returning ...
2024-02-23 23:44:50 INFO ----------> Parsing all products before returning ...
2024-02-23 23:44:51 INFO ----------> Parsing all products before returning ...
2024-02-23 23:44:51 INFO ----------> Parsing all products before returning ...
2024-02-23 23:44:51 INFO ----------> Parsing all products before returning ...
2024-02-23 23:44:51 INFO ----------> Parsing all products before returning ...
2024-02-23 23:44:51 INFO ----------> Parsing all products before returning ...
2024-02-23 23:44:51 INFO ----------> Parsing all products before returning ...
2024-02-23 23:44:51 INFO ----------> Parsing all products before returning ...
2024-02-23 23:44:51 INFO ----------> Parsing all products before returning ...
2024-02-23 23:44:51 INFO ----------> Parsing all products before returning ...
2024-02-23 23:44:51 INFO ----------> Parsing all products before returning ...
2024-02-23 23:44:51 INFO ----------> Parsing all products before returning ...
2024-02-23 23:44:51 INFO ----------> Parsing all products before returning ...
2024-02-23 23:44:51 INFO ----------> Parsing all products before returning ...
2024-02-23 23:44:51 INFO ----------> Parsing all products before returning ...
2024-02-23 23:44:51 INFO ----------> Parsing all products before returning ...
2024-02-23 23:44:51 INFO ----------> Parsing all products before returning ...
2024-02-23 23:44:51 INFO ----------> Parsing all products before returning ...
2024-02-23 23:44:51 INFO ----------> Parsing all products before returning ...
2024-02-23 23:44:51 INFO ----------> Parsing all products before returning ...
2024-02-23 23:44:51 INFO ----------> Parsing all products before returning ...
2024-02-23 23:44:51 INFO ----------> Parsing all products before returning ...
2024-02-23 23:44:51 INFO ----------> Parsing all products before returning ...
2024-02-23 23:44:51 INFO ----------> Parsing all products before returning ...
2024-02-23 23:44:51 INFO ----------> Parsing all products before returning ...
2024-02-23 23:44:51 INFO ----------> Parsing all products before returning ...
2024-02-23 23:44:51 INFO ----------> Parsing all products before returning ...
2024-02-23 23:44:51 INFO ----------> Parsing all products before returning ...
2024-02-23 23:44:51 INFO ----------> Parsing all products before returning ...
2024-02-23 23:44:51 INFO ----------> Parsing all products before returning ...
2024-02-23 23:44:51 INFO ----------> Parsing all products before returning ...
2024-02-23 23:44:51 INFO ----------> Parsing all products before returning ...
2024-02-23 23:44:51 INFO ----------> Parsing all products before returning ...
2024-02-23 23:44:51 INFO ----------> Parsing all products before returning ...
2024-02-23 23:44:51 INFO ----------> Parsing all products before returning ...
2024-02-23 23:44:51 INFO ----------> Parsing all products before returning ...
2024-02-23 23:44:51 INFO ----------> Parsing all products before returning ...
2024-02-23 23:44:51 INFO ----------> Parsing all products before returning ...
2024-02-23 23:44:51 INFO ----------> Parsing all products before returning ...
2024-02-23 23:44:51 INFO ----------> Parsing all products before returning ...
2024-02-23 23:44:51 INFO ----------> Parsing all products before returning ...
2024-02-23 23:44:52 INFO ----------> Parsing all products before returning ...
2024-02-23 23:44:52 INFO ----------> Parsing all products before returning ...
2024-02-23 23:44:52 INFO ----------> Parsing all products before returning ...
2024-02-23 23:44:52 INFO ----------> Parsing all products before returning ...
2024-02-23 23:44:52 INFO ----------> Parsing all products before returning ...
2024-02-23 23:44:52 INFO ----------> Parsing all products before returning ...
2024-02-23 23:44:52 INFO ----------> Parsing all products before returning ...
2024-02-23 23:44:52 INFO ----------> Parsing all products before returning ...
2024-02-23 23:44:52 INFO ----------> Parsing all products before returning ...
2024-02-23 23:44:52 INFO ----------> Parsing all products before returning ...
2024-02-23 23:44:52 INFO ----------> Parsing all products before returning ...
2024-02-23 23:44:52 INFO ----------> Parsing all products before returning ...
2024-02-23 23:44:52 INFO ----------> Parsing all products before returning ...
2024-02-23 23:44:52 INFO ----------> Parsing all products before returning ...
2024-02-23 23:44:52 INFO ----------> Parsing all products before returning ...
2024-02-23 23:44:52 INFO ----------> Parsing all products before returning ...
2024-02-23 23:44:52 INFO ----------> Parsing all products before returning ...
2024-02-23 23:44:52 INFO ----------> Parsing all products before returning ...
2024-02-23 23:44:52 INFO ----------> Parsing all products before returning ...
2024-02-23 23:44:52 INFO ----------> Parsing all products before returning ...
2024-02-23 23:44:52 INFO ----------> Parsing all products before returning ...
2024-02-23 23:44:52 INFO ----------> Parsing all products before returning ...
2024-02-23 23:44:52 INFO ----------> Parsing all products before returning ...
2024-02-23 23:44:52 INFO ----------> Parsing all products before returning ...
2024-02-23 23:44:52 INFO ----------> Parsing all products before returning ...
2024-02-23 23:44:52 INFO ----------> Parsing all products before returning ...
2024-02-23 23:44:52 INFO ----------> Parsing all products before returning ...
2024-02-23 23:44:52 INFO ----------> Parsing all products before returning ...
2024-02-23 23:44:52 INFO ----------> Parsing all products before returning ...
2024-02-23 23:44:52 INFO ----------> Parsing all products before returning ...
2024-02-23 23:44:53 INFO ----------> Parsing all products before returning ...
2024-02-23 23:44:53 INFO ----------> Parsing all products before returning ...
2024-02-23 23:44:53 INFO ----------> Parsing all products before returning ...
2024-02-23 23:44:53 INFO ----------> Parsing all products before returning ...
2024-02-23 23:44:53 INFO ----------> Parsing all products before returning ...
2024-02-23 23:44:53 INFO ----------> Parsing all products before returning ...
2024-02-23 23:44:53 INFO ----------> Parsing all products before returning ...
2024-02-23 23:44:53 INFO ----------> Parsing all products before returning ...
2024-02-23 23:44:53 INFO ----------> Parsing all products before returning ...
2024-02-23 23:44:53 INFO ----------> Parsing all products before returning ...
2024-02-23 23:44:53 INFO ----------> Parsing all products before returning ...
2024-02-23 23:44:53 INFO ----------> Operation was succesfull!
2024-02-23 23:44:53 INFO terminate chrome process...
